\BOOKMARK [1][-]{section.1}{\376\377\000I\000n\000t\000r\000o\000d\000u\000c\000c\000i\000\363\000n}{}% 1
\BOOKMARK [2][-]{subsection.1.1}{\376\377\000C\000o\000n\000t\000e\000x\000t\000o\000\040\000d\000e\000l\000\040\000P\000r\000o\000b\000l\000e\000m\000a}{section.1}% 2
\BOOKMARK [2][-]{subsection.1.2}{\376\377\000C\000a\000r\000a\000c\000t\000e\000r\000\355\000s\000t\000i\000c\000a\000s\000\040\000N\000o\000t\000a\000b\000l\000e\000s\000\040\000d\000e\000\040\000l\000a\000\040\000F\000u\000n\000c\000i\000\363\000n}{section.1}% 3
\BOOKMARK [2][-]{subsection.1.3}{\376\377\000O\000b\000j\000e\000t\000i\000v\000o\000s\000\040\000d\000e\000l\000\040\000A\000n\000\341\000l\000i\000s\000i\000s}{section.1}% 4
\BOOKMARK [1][-]{section.2}{\376\377\000A\000n\000\341\000l\000i\000s\000i\000s\000\040\000T\000e\000\363\000r\000i\000c\000o\000\040\000d\000e\000l\000\040\000M\000o\000d\000e\000l\000o}{}% 5
\BOOKMARK [2][-]{subsection.2.1}{\376\377\000E\000x\000i\000s\000t\000e\000n\000c\000i\000a\000\040\000y\000\040\000U\000n\000i\000c\000i\000d\000a\000d\000\040\000d\000e\000l\000\040\000M\000\355\000n\000i\000m\000o}{section.2}% 6
\BOOKMARK [2][-]{subsection.2.2}{\376\377\000A\000n\000\341\000l\000i\000s\000i\000s\000\040\000d\000e\000\040\000P\000u\000n\000t\000o\000s\000\040\000C\000r\000\355\000t\000i\000c\000o\000s}{section.2}% 7
\BOOKMARK [3][-]{subsubsection.2.2.1}{\376\377\000C\000\341\000l\000c\000u\000l\000o\000\040\000d\000e\000l\000\040\000G\000r\000a\000d\000i\000e\000n\000t\000e}{subsection.2.2}% 8
\BOOKMARK [2][-]{subsection.2.3}{\376\377\000A\000n\000\341\000l\000i\000s\000i\000s\000\040\000d\000e\000\040\000l\000a\000\040\000H\000e\000s\000s\000i\000a\000n\000a}{section.2}% 9
\BOOKMARK [3][-]{subsubsection.2.3.1}{\376\377\000E\000x\000p\000r\000e\000s\000i\000\363\000n\000\040\000G\000e\000n\000e\000r\000a\000l\000\040\000d\000e\000\040\000l\000a\000\040\000H\000e\000s\000s\000i\000a\000n\000a}{subsection.2.3}% 10
\BOOKMARK [3][-]{subsubsection.2.3.2}{\376\377\000C\000o\000m\000p\000o\000r\000t\000a\000m\000i\000e\000n\000t\000o\000\040\000e\000n\000\040\000e\000l\000\040\000O\000r\000i\000g\000e\000n}{subsection.2.3}% 11
\BOOKMARK [2][-]{subsection.2.4}{\376\377\000A\000n\000\341\000l\000i\000s\000i\000s\000\040\000d\000e\000\040\000C\000o\000n\000v\000e\000x\000i\000d\000a\000d}{section.2}% 12
\BOOKMARK [1][-]{section.3}{\376\377\000A\000l\000g\000o\000r\000i\000t\000m\000o\000s\000\040\000d\000e\000\040\000O\000p\000t\000i\000m\000i\000z\000a\000c\000i\000\363\000n\000\040\000I\000m\000p\000l\000e\000m\000e\000n\000t\000a\000d\000o\000s}{}% 13
\BOOKMARK [2][-]{subsection.3.1}{\376\377\000M\000a\000r\000c\000o\000\040\000T\000e\000\363\000r\000i\000c\000o\000\040\000d\000e\000\040\000A\000l\000g\000o\000r\000i\000t\000m\000o\000s\000\040\000d\000e\000\040\000O\000p\000t\000i\000m\000i\000z\000a\000c\000i\000\363\000n}{section.3}% 14
\BOOKMARK [3][-]{subsubsection.3.1.1}{\376\377\000A\000l\000g\000o\000r\000i\000t\000m\000o\000s\000\040\000d\000e\000\040\000B\000\372\000s\000q\000u\000e\000d\000a\000\040\000D\000i\000r\000e\000c\000c\000i\000o\000n\000a\000l}{subsection.3.1}% 15
\BOOKMARK [3][-]{subsubsection.3.1.2}{\376\377\000R\000e\000g\000l\000a\000s\000\040\000d\000e\000\040\000B\000\372\000s\000q\000u\000e\000d\000a\000\040\000L\000i\000n\000e\000a\000l\000\040\000\050\000A\000r\000m\000i\000j\000o\000\051}{subsection.3.1}% 16
\BOOKMARK [3][-]{subsubsection.3.1.3}{\376\377\000M\000\351\000t\000o\000d\000o\000\040\000d\000e\000\040\000M\000\341\000x\000i\000m\000o\000\040\000D\000e\000s\000c\000e\000n\000s\000o}{subsection.3.1}% 17
\BOOKMARK [3][-]{subsubsection.3.1.4}{\376\377\000M\000\351\000t\000o\000d\000o\000\040\000d\000e\000\040\000N\000e\000w\000t\000o\000n\000\040}{subsection.3.1}% 18
\BOOKMARK [2][-]{subsection.3.2}{\376\377\000F\000i\000l\000o\000s\000o\000f\000\355\000a\000\040\000d\000e\000\040\000l\000a\000\040\000S\000e\000l\000e\000c\000c\000i\000\363\000n\000\040\000d\000e\000\040\000A\000l\000g\000o\000r\000i\000t\000m\000o\000s\000:\000\040\000U\000n\000\040\000E\000n\000f\000o\000q\000u\000e\000\040\000T\000e\000\363\000r\000i\000c\000o\000-\000P\000r\000\341\000c\000t\000i\000c\000o}{section.3}% 19
\BOOKMARK [3][-]{subsubsection.3.2.1}{\376\377\000A\000n\000\341\000l\000i\000s\000i\000s\000\040\000d\000e\000\040\000l\000a\000s\000\040\000C\000a\000r\000a\000c\000t\000e\000r\000\355\000s\000t\000i\000c\000a\000s\000\040\000d\000e\000\040\000l\000a\000\040\000F\000u\000n\000c\000i\000\363\000n\000\040\000O\000b\000j\000e\000t\000i\000v\000o}{subsection.3.2}% 20
\BOOKMARK [3][-]{subsubsection.3.2.2}{\376\377\000B\000a\000s\000e\000\040\000T\000e\000\363\000r\000i\000c\000a\000\040\000p\000a\000r\000a\000\040\000l\000a\000\040\000S\000e\000l\000e\000c\000c\000i\000\363\000n}{subsection.3.2}% 21
\BOOKMARK [3][-]{subsubsection.3.2.3}{\376\377\000J\000u\000s\000t\000i\000f\000i\000c\000a\000c\000i\000\363\000n\000\040\000T\000e\000\363\000r\000i\000c\000a\000\040\000d\000e\000\040\000C\000a\000d\000a\000\040\000A\000l\000g\000o\000r\000i\000t\000m\000o}{subsection.3.2}% 22
\BOOKMARK [3][-]{subsubsection.3.2.4}{\376\377\000C\000o\000m\000p\000l\000e\000m\000e\000n\000t\000a\000r\000i\000e\000d\000a\000d\000\040\000T\000e\000\363\000r\000i\000c\000a\000\040\000d\000e\000\040\000l\000o\000s\000\040\000A\000l\000g\000o\000r\000i\000t\000m\000o\000s}{subsection.3.2}% 23
\BOOKMARK [3][-]{subsubsection.3.2.5}{\376\377\000J\000u\000s\000t\000i\000f\000i\000c\000a\000c\000i\000\363\000n\000\040\000d\000e\000\040\000E\000x\000c\000l\000u\000s\000i\000\363\000n\000\040\000d\000e\000\040\000O\000t\000r\000o\000s\000\040\000M\000\351\000t\000o\000d\000o\000s}{subsection.3.2}% 24
\BOOKMARK [3][-]{subsubsection.3.2.6}{\376\377\000C\000o\000n\000t\000r\000i\000b\000u\000c\000i\000\363\000n\000\040\000a\000\040\000l\000a\000\040\000T\000e\000o\000r\000\355\000a\000\040\000d\000e\000\040\000O\000p\000t\000i\000m\000i\000z\000a\000c\000i\000\363\000n}{subsection.3.2}% 25
\BOOKMARK [2][-]{subsection.3.3}{\376\377\000G\000r\000a\000d\000i\000e\000n\000t\000e\000\040\000D\000e\000s\000c\000e\000n\000d\000e\000n\000t\000e}{section.3}% 26
\BOOKMARK [3][-]{subsubsection.3.3.1}{\376\377\000F\000o\000r\000m\000u\000l\000a\000c\000i\000\363\000n\000\040\000M\000a\000t\000e\000m\000\341\000t\000i\000c\000a}{subsection.3.3}% 27
\BOOKMARK [3][-]{subsubsection.3.3.2}{\376\377\000V\000a\000r\000i\000a\000n\000t\000e\000\040\000d\000e\000\040\000P\000a\000s\000o\000\040\000F\000i\000j\000o}{subsection.3.3}% 28
\BOOKMARK [3][-]{subsubsection.3.3.3}{\376\377\000V\000a\000r\000i\000a\000n\000t\000e\000\040\000A\000d\000a\000p\000t\000a\000t\000i\000v\000a}{subsection.3.3}% 29
\BOOKMARK [2][-]{subsection.3.4}{\376\377\000M\000\351\000t\000o\000d\000o\000\040\000d\000e\000\040\000N\000e\000w\000t\000o\000n}{section.3}% 30
\BOOKMARK [3][-]{subsubsection.3.4.1}{\376\377\000F\000o\000r\000m\000u\000l\000a\000c\000i\000\363\000n\000\040\000C\000l\000\341\000s\000i\000c\000a}{subsection.3.4}% 31
\BOOKMARK [3][-]{subsubsection.3.4.2}{\376\377\000M\000e\000j\000o\000r\000a\000s\000\040\000I\000m\000p\000l\000e\000m\000e\000n\000t\000a\000d\000a\000s}{subsection.3.4}% 32
\BOOKMARK [2][-]{subsection.3.5}{\376\377\000A\000l\000g\000o\000r\000i\000t\000m\000o\000\040\000H\000\355\000b\000r\000i\000d\000o}{section.3}% 33
\BOOKMARK [3][-]{subsubsection.3.5.1}{\376\377\000L\000\363\000g\000i\000c\000a\000\040\000d\000e\000\040\000C\000o\000n\000m\000u\000t\000a\000c\000i\000\363\000n}{subsection.3.5}% 34
\BOOKMARK [3][-]{subsubsection.3.5.2}{\376\377\000J\000u\000s\000t\000i\000f\000i\000c\000a\000c\000i\000\363\000n\000\040\000d\000e\000l\000\040\000E\000n\000f\000o\000q\000u\000e}{subsection.3.5}% 35
\BOOKMARK [2][-]{subsection.3.6}{\376\377\000E\000x\000t\000e\000n\000s\000i\000o\000n\000e\000s\000\040\000a\000\040\000P\000r\000o\000b\000l\000e\000m\000a\000s\000\040\000c\000o\000n\000\040\000R\000e\000s\000t\000r\000i\000c\000c\000i\000o\000n\000e\000s}{section.3}% 36
\BOOKMARK [3][-]{subsubsection.3.6.1}{\376\377\000M\000\351\000t\000o\000d\000o\000s\000\040\000d\000e\000\040\000P\000e\000n\000a\000l\000i\000d\000a\000d\000\040\000\050\000C\000o\000n\000f\000e\000r\000e\000n\000c\000i\000a\000\040\0006\000\051}{subsection.3.6}% 37
\BOOKMARK [3][-]{subsubsection.3.6.2}{\376\377\000M\000\351\000t\000o\000d\000o\000s\000\040\000d\000e\000\040\000B\000a\000r\000r\000e\000r\000a}{subsection.3.6}% 38
\BOOKMARK [3][-]{subsubsection.3.6.3}{\376\377\000P\000r\000o\000g\000r\000a\000m\000a\000c\000i\000\363\000n\000\040\000C\000u\000a\000d\000r\000\341\000t\000i\000c\000a\000\040\000S\000e\000c\000u\000e\000n\000c\000i\000a\000l\000\040\000\050\000S\000Q\000P\000\051}{subsection.3.6}% 39
\BOOKMARK [1][-]{section.4}{\376\377\000E\000x\000p\000e\000r\000i\000m\000e\000n\000t\000o\000s\000\040\000N\000u\000m\000\351\000r\000i\000c\000o\000s}{}% 40
\BOOKMARK [2][-]{subsection.4.1}{\376\377\000D\000i\000s\000e\000\361\000o\000\040\000E\000x\000p\000e\000r\000i\000m\000e\000n\000t\000a\000l}{section.4}% 41
\BOOKMARK [3][-]{subsubsection.4.1.1}{\376\377\000P\000u\000n\000t\000o\000s\000\040\000I\000n\000i\000c\000i\000a\000l\000e\000s\000\040\000S\000e\000l\000e\000c\000c\000i\000o\000n\000a\000d\000o\000s}{subsection.4.1}% 42
\BOOKMARK [3][-]{subsubsection.4.1.2}{\376\377\000M\000\351\000t\000r\000i\000c\000a\000s\000\040\000d\000e\000\040\000E\000v\000a\000l\000u\000a\000c\000i\000\363\000n}{subsection.4.1}% 43
\BOOKMARK [2][-]{subsection.4.2}{\376\377\000R\000e\000s\000u\000l\000t\000a\000d\000o\000s\000\040\000P\000r\000i\000n\000c\000i\000p\000a\000l\000e\000s}{section.4}% 44
\BOOKMARK [2][-]{subsection.4.3}{\376\377\000A\000n\000\341\000l\000i\000s\000i\000s\000\040\000d\000e\000\040\000C\000o\000n\000v\000e\000r\000g\000e\000n\000c\000i\000a\000\040\000T\000e\000\363\000r\000i\000c\000o\000\040\000v\000s\000.\000\040\000P\000r\000\341\000c\000t\000i\000c\000o}{section.4}% 45
\BOOKMARK [2][-]{subsection.4.4}{\376\377\000A\000n\000\341\000l\000i\000s\000i\000s\000\040\000d\000e\000\040\000R\000o\000b\000u\000s\000t\000e\000z}{section.4}% 46
\BOOKMARK [2][-]{subsection.4.5}{\376\377\000A\000n\000\341\000l\000i\000s\000i\000s\000\040\000d\000e\000\040\000S\000e\000n\000s\000i\000b\000i\000l\000i\000d\000a\000d\000\040\000a\000\040\000P\000a\000r\000\341\000m\000e\000t\000r\000o\000s}{section.4}% 47
\BOOKMARK [3][-]{subsubsection.4.5.1}{\376\377\000T\000a\000s\000a\000\040\000d\000e\000\040\000A\000p\000r\000e\000n\000d\000i\000z\000a\000j\000e\000\040\000e\000n\000\040\000G\000D}{subsection.4.5}% 48
\BOOKMARK [3][-]{subsubsection.4.5.2}{\376\377\000R\000e\000g\000u\000l\000a\000r\000i\000z\000a\000c\000i\000\363\000n\000\040\000e\000n\000\040\000N\000e\000w\000t\000o\000n}{subsection.4.5}% 49
\BOOKMARK [1][-]{section.5}{\376\377\000C\000o\000n\000c\000l\000u\000s\000i\000o\000n\000e\000s\000\040\000y\000\040\000R\000e\000c\000o\000m\000e\000n\000d\000a\000c\000i\000o\000n\000e\000s}{}% 50
\BOOKMARK [2][-]{subsection.5.1}{\376\377\000H\000a\000l\000l\000a\000z\000g\000o\000s\000\040\000P\000r\000i\000n\000c\000i\000p\000a\000l\000e\000s}{section.5}% 51
\BOOKMARK [3][-]{subsubsection.5.1.1}{\376\377\000C\000o\000n\000f\000i\000r\000m\000a\000c\000i\000\363\000n\000\040\000T\000e\000\363\000r\000i\000c\000a}{subsection.5.1}% 52
\BOOKMARK [3][-]{subsubsection.5.1.2}{\376\377\000D\000e\000s\000e\000m\000p\000e\000\361\000o\000\040\000A\000l\000g\000o\000r\000\355\000t\000m\000i\000c\000o}{subsection.5.1}% 53
\BOOKMARK [3][-]{subsubsection.5.1.3}{\376\377\000D\000e\000s\000a\000f\000\355\000o\000s\000\040\000N\000u\000m\000\351\000r\000i\000c\000o\000s\000\040\000I\000d\000e\000n\000t\000i\000f\000i\000c\000a\000d\000o\000s}{subsection.5.1}% 54
\BOOKMARK [2][-]{subsection.5.2}{\376\377\000R\000e\000c\000o\000m\000e\000n\000d\000a\000c\000i\000o\000n\000e\000s\000\040\000B\000a\000s\000a\000d\000a\000s\000\040\000e\000n\000\040\000T\000e\000o\000r\000\355\000a\000\040\000d\000e\000\040\000P\000N\000L}{section.5}% 55
\BOOKMARK [2][-]{subsection.5.3}{\376\377\000R\000e\000c\000o\000m\000e\000n\000d\000a\000c\000i\000o\000n\000e\000s\000\040\000P\000r\000\341\000c\000t\000i\000c\000a\000s}{section.5}% 56
\BOOKMARK [3][-]{subsubsection.5.3.1}{\376\377\000G\000u\000\355\000a\000\040\000d\000e\000\040\000S\000e\000l\000e\000c\000c\000i\000\363\000n\000\040\000d\000e\000\040\000A\000l\000g\000o\000r\000i\000t\000m\000o\000s}{subsection.5.3}% 57
\BOOKMARK [3][-]{subsubsection.5.3.2}{\376\377\000P\000a\000r\000\341\000m\000e\000t\000r\000o\000s\000\040\000R\000e\000c\000o\000m\000e\000n\000d\000a\000d\000o\000s}{subsection.5.3}% 58
\BOOKMARK [2][-]{subsection.5.4}{\376\377\000T\000r\000a\000b\000a\000j\000o\000\040\000F\000u\000t\000u\000r\000o}{section.5}% 59
\BOOKMARK [3][-]{subsubsection.5.4.1}{\376\377\000E\000x\000t\000e\000n\000s\000i\000o\000n\000e\000s\000\040\000I\000n\000m\000e\000d\000i\000a\000t\000a\000s}{subsection.5.4}% 60
\BOOKMARK [3][-]{subsubsection.5.4.2}{\376\377\000I\000n\000v\000e\000s\000t\000i\000g\000a\000c\000i\000\363\000n\000\040\000A\000v\000a\000n\000z\000a\000d\000a}{subsection.5.4}% 61
\BOOKMARK [1][-]{appendix.Alph1}{\376\377\000I\000m\000p\000l\000e\000m\000e\000n\000t\000a\000c\000i\000\363\000n\000\040\000d\000e\000l\000\040\000C\000\363\000d\000i\000g\000o}{}% 62
\BOOKMARK [2][-]{subsection.Alph1.1}{\376\377\000A\000r\000c\000h\000i\000v\000o\000s\000\040\000J\000u\000p\000y\000t\000e\000r}{appendix.Alph1}% 63
\BOOKMARK [2][-]{subsection.Alph1.2}{\376\377\000E\000s\000t\000r\000u\000c\000t\000u\000r\000a\000\040\000d\000e\000l\000\040\000C\000\363\000d\000i\000g\000o}{appendix.Alph1}% 64
\BOOKMARK [3][-]{subsubsection.Alph1.2.1}{\376\377\000o\000p\000t\000i\000m\000i\000z\000a\000t\000i\000o\000n\000\137\000a\000n\000a\000l\000y\000s\000i\000s\000.\000i\000p\000y\000n\000b}{subsection.Alph1.2}% 65
\BOOKMARK [3][-]{subsubsection.Alph1.2.2}{\376\377\000o\000p\000t\000i\000m\000i\000z\000a\000t\000i\000o\000n\000\137\000e\000x\000t\000r\000a\000s\000.\000i\000p\000y\000n\000b}{subsection.Alph1.2}% 66
\BOOKMARK [2][-]{subsection.Alph1.3}{\376\377\000D\000e\000p\000e\000n\000d\000e\000n\000c\000i\000a\000s\000\040\000y\000\040\000R\000e\000q\000u\000i\000s\000i\000t\000o\000s}{appendix.Alph1}% 67
\BOOKMARK [2][-]{subsection.Alph1.4}{\376\377\000R\000e\000p\000r\000o\000d\000u\000c\000i\000b\000i\000l\000i\000d\000a\000d}{appendix.Alph1}% 68
